OpenCV_4_7_0/build/outputs/logs/manifest-merger-debug-report.txt
-- Merging decision tree log ---
manifest
ADDED from OpenCV_4_7_0\java\AndroidManifest.xml:2:1-4:12
INJECTED from OpenCV_4_7_0\java\AndroidManifest.xml:2:1-4:12
	package
		ADDED from OpenCV_4_7_0\java\AndroidManifest.xml:3:7-27
		INJECTED from OpenCV_4_7_0\java\AndroidManifest.xml
	xmlns:android
		ADDED from OpenCV_4_7_0\java\AndroidManifest.xml:2:11-69
uses-sdk
INJECTED from OpenCV_4_7_0\java\AndroidManifest.xml reason: use-sdk injection requested
INJECTED from OpenCV_4_7_0\java\AndroidManifest.xml
INJECTED from OpenCV_4_7_0\java\AndroidManifest.xml
	android:targetSdkVersion
		INJECTED from OpenCV_4_7_0\java\AndroidManifest.xml
	android:minSdkVersion
		INJECTED from OpenCV_4_7_0\java\AndroidManifest.xml